{
  "RSpec": {
    "coverage": {
      "/Users/artemperov/Downloads/Lab2_opt-develop/src/actions/valera_bar.rb": {
        "lines": [
          1,
          1,
          null,
          1,
          1,
          1,
          1,
          1,
          1,
          1,
          null,
          null
        ]
      },
      "/Users/artemperov/Downloads/Lab2_opt-develop/src/actions/valera_action.rb": {
        "lines": [
          1,
          null,
          1,
          1,
          1,
          1,
          11,
          11,
          null,
          null,
          1,
          7,
          null,
          null,
          1,
          10,
          10,
          null,
          null,
          1,
          7,
          7,
          null,
          null,
          null,
          1,
          10,
          10,
          10,
          null,
          null,
          1,
          10,
          null,
          null,
          null,
          null
        ]
      },
      "/Users/artemperov/Downloads/Lab2_opt-develop/src/valera.rb": {
        "lines": [
          1,
          1,
          null,
          1,
          14,
          14,
          14,
          14,
          14,
          null,
          null,
          1,
          4,
          4,
          4,
          4,
          4,
          null,
          null
        ]
      },
      "/Users/artemperov/Downloads/Lab2_opt-develop/src/actions/valera_behold.rb": {
        "lines": [
          1,
          1,
          null,
          1,
          1,
          1,
          1,
          1,
          1,
          1,
          null,
          null
        ]
      },
      "/Users/artemperov/Downloads/Lab2_opt-develop/src/actions/valera_drink.rb": {
        "lines": [
          1,
          1,
          null,
          1,
          1,
          1,
          1,
          1,
          1,
          1,
          null,
          null
        ]
      },
      "/Users/artemperov/Downloads/Lab2_opt-develop/src/actions/valera_job.rb": {
        "lines": [
          1,
          1,
          null,
          1,
          1,
          3,
          1,
          1,
          null,
          null,
          2,
          2,
          2,
          2,
          2,
          null,
          null
        ]
      },
      "/Users/artemperov/Downloads/Lab2_opt-develop/src/actions/valera_series.rb": {
        "lines": [
          1,
          1,
          null,
          1,
          1,
          1,
          1,
          1,
          1,
          1,
          null,
          null
        ]
      },
      "/Users/artemperov/Downloads/Lab2_opt-develop/src/actions/valera_sing.rb": {
        "lines": [
          1,
          1,
          null,
          1,
          1,
          1,
          1,
          1,
          1,
          1,
          1,
          null,
          null,
          1,
          1,
          null,
          0,
          0,
          0,
          null,
          null,
          1,
          1,
          1,
          null,
          1,
          null,
          null
        ]
      },
      "/Users/artemperov/Downloads/Lab2_opt-develop/src/actions/valera_sleep.rb": {
        "lines": [
          1,
          1,
          null,
          1,
          1,
          3,
          3,
          3,
          null,
          3,
          3,
          3,
          null,
          null
        ]
      },
      "/Users/artemperov/Downloads/Lab2_opt-develop/src/save_file.rb": {
        "lines": [
          1,
          1,
          null,
          1,
          1,
          2,
          2,
          null,
          null,
          1,
          1,
          1,
          1,
          1,
          null,
          null,
          1,
          1,
          1,
          1,
          null,
          1,
          null,
          null,
          1,
          null,
          1,
          0,
          0,
          0,
          null,
          null,
          1,
          1,
          1,
          1,
          1,
          1,
          1,
          null,
          null,
          1,
          1,
          null,
          null
        ]
      }
    },
    "timestamp": 1638625538
  }
}
